\BOOKMARK [2][-]{subsection.0.1}{Basics}{}% 1
\BOOKMARK [3][-]{subsubsection.0.1.1}{What is an incident?}{subsection.0.1}% 2
\BOOKMARK [3][-]{subsubsection.0.1.2}{What is an incident retrospective?}{subsection.0.1}% 3
\BOOKMARK [3][-]{subsubsection.0.1.3}{Why is an incident retrospective?}{subsection.0.1}% 4
\BOOKMARK [3][-]{subsubsection.0.1.4}{What is root cause analysis?}{subsection.0.1}% 5
\BOOKMARK [3][-]{subsubsection.0.1.5}{Why not root cause analysis?}{subsection.0.1}% 6
\BOOKMARK [2][-]{subsection.0.2}{System Theory Basics}{}% 7
\BOOKMARK [3][-]{subsubsection.0.2.1}{System}{subsection.0.2}% 8
\BOOKMARK [3][-]{subsubsection.0.2.2}{Environment}{subsection.0.2}% 9
\BOOKMARK [3][-]{subsubsection.0.2.3}{Control}{subsection.0.2}% 10
\BOOKMARK [3][-]{subsubsection.0.2.4}{Loss}{subsection.0.2}% 11
\BOOKMARK [3][-]{subsubsection.0.2.5}{Safety Control}{subsection.0.2}% 12
\BOOKMARK [2][-]{subsection.0.3}{CAST Pt 1.: Analyze}{}% 13
\BOOKMARK [3][-]{subsubsection.0.3.1}{Hazard}{subsection.0.3}% 14
\BOOKMARK [3][-]{subsubsection.0.3.2}{Timeline}{subsection.0.3}% 15
\BOOKMARK [3][-]{subsubsection.0.3.3}{Loss}{subsection.0.3}% 16
\BOOKMARK [3][-]{subsubsection.0.3.4}{Loss Analysis}{subsection.0.3}% 17
\BOOKMARK [3][-]{subsubsection.0.3.5}{Safety Control Failures}{subsection.0.3}% 18
\BOOKMARK [2][-]{subsection.0.4}{CAST Pt. 2: Improve}{}% 19
\BOOKMARK [3][-]{subsubsection.0.4.1}{Safety Control Problems}{subsection.0.4}% 20
\BOOKMARK [3][-]{subsubsection.0.4.2}{Missing Safety Controls}{subsection.0.4}% 21
\BOOKMARK [3][-]{subsubsection.0.4.3}{Systemic Problems}{subsection.0.4}% 22
\BOOKMARK [3][-]{subsubsection.0.4.4}{Improvement Plan}{subsection.0.4}% 23
\BOOKMARK [2][-]{subsection.0.5}{Summary}{}% 24
\BOOKMARK [3][-]{subsubsection.0.5.1}{Plan}{subsection.0.5}% 25
\BOOKMARK [3][-]{subsubsection.0.5.2}{Apply}{subsection.0.5}% 26
\BOOKMARK [3][-]{subsubsection.0.5.3}{Improve}{subsection.0.5}% 27
